{"D:\\SNehra\\src\\components\\site-footer.tsx": {"path":"D:\\SNehra\\src\\components\\site-footer.tsx","statementMap":{"0":{"start":{"line":3,"column":13},"end":{"line":39,"column":null}},"1":{"start":{"line":42,"column":2},"end":{"line":87,"column":null}},"2":{"start":{"line":63,"column":12},"end":{"line":79,"column":null}},"3":{"start":{"line":69,"column":18},"end":{"line":76,"column":null}}},"fnMap":{"0":{"name":"SiteFooter","decl":{"start":{"line":41,"column":16},"end":{"line":41,"column":29}},"loc":{"start":{"line":41,"column":29},"end":{"line":89,"column":null}},"line":41},"1":{"name":"(anonymous_1)","decl":{"start":{"line":62,"column":20},"end":{"line":62,"column":21}},"loc":{"start":{"line":63,"column":12},"end":{"line":79,"column":null}},"line":63},"2":{"name":"(anonymous_2)","decl":{"start":{"line":68,"column":29},"end":{"line":68,"column":30}},"loc":{"start":{"line":69,"column":18},"end":{"line":76,"column":null}},"line":69}},"branchMap":{},"s":{"0":1,"1":2,"2":8,"3":30},"f":{"0":2,"1":8,"2":30},"b":{},"meta":{"lastBranch":0,"lastFunction":3,"lastStatement":4,"seen":{"s:3:13:39:Infinity":0,"f:41:16:41:29":0,"s:42:2:87:Infinity":1,"f:62:20:62:21":1,"s:63:12:79:Infinity":2,"f:68:29:68:30":2,"s:69:18:76:Infinity":3}}}
,"D:\\SNehra\\src\\components\\site-header.tsx": {"path":"D:\\SNehra\\src\\components\\site-header.tsx","statementMap":{"0":{"start":{"line":5,"column":14},"end":{"line":11,"column":null}},"1":{"start":{"line":14,"column":22},"end":{"line":14,"column":null}},"2":{"start":{"line":15,"column":2},"end":{"line":89,"column":null}},"3":{"start":{"line":25,"column":12},"end":{"line":32,"column":null}},"4":{"start":{"line":52,"column":25},"end":{"line":52,"column":null}},"5":{"start":{"line":52,"column":40},"end":{"line":52,"column":42}},"6":{"start":{"line":61,"column":14},"end":{"line":68,"column":null}},"7":{"start":{"line":64,"column":31},"end":{"line":64,"column":null}},"8":{"start":{"line":73,"column":31},"end":{"line":73,"column":null}},"9":{"start":{"line":80,"column":31},"end":{"line":80,"column":null}}},"fnMap":{"0":{"name":"SiteHeader","decl":{"start":{"line":13,"column":16},"end":{"line":13,"column":29}},"loc":{"start":{"line":13,"column":29},"end":{"line":91,"column":null}},"line":13},"1":{"name":"(anonymous_1)","decl":{"start":{"line":24,"column":21},"end":{"line":24,"column":22}},"loc":{"start":{"line":25,"column":12},"end":{"line":32,"column":null}},"line":25},"2":{"name":"(anonymous_2)","decl":{"start":{"line":52,"column":19},"end":{"line":52,"column":25}},"loc":{"start":{"line":52,"column":25},"end":{"line":52,"column":null}},"line":52},"3":{"name":"(anonymous_3)","decl":{"start":{"line":52,"column":33},"end":{"line":52,"column":34}},"loc":{"start":{"line":52,"column":40},"end":{"line":52,"column":42}},"line":52},"4":{"name":"(anonymous_4)","decl":{"start":{"line":60,"column":23},"end":{"line":60,"column":24}},"loc":{"start":{"line":61,"column":14},"end":{"line":68,"column":null}},"line":61},"5":{"name":"(anonymous_5)","decl":{"start":{"line":64,"column":25},"end":{"line":64,"column":31}},"loc":{"start":{"line":64,"column":31},"end":{"line":64,"column":null}},"line":64},"6":{"name":"(anonymous_6)","decl":{"start":{"line":73,"column":25},"end":{"line":73,"column":31}},"loc":{"start":{"line":73,"column":31},"end":{"line":73,"column":null}},"line":73},"7":{"name":"(anonymous_7)","decl":{"start":{"line":80,"column":25},"end":{"line":80,"column":31}},"loc":{"start":{"line":80,"column":31},"end":{"line":80,"column":null}},"line":80}},"branchMap":{"0":{"loc":{"start":{"line":54,"column":11},"end":{"line":54,"column":null}},"type":"cond-expr","locations":[{"start":{"line":54,"column":18},"end":{"line":54,"column":46}},{"start":{"line":54,"column":46},"end":{"line":54,"column":null}}],"line":54},"1":{"loc":{"start":{"line":57,"column":7},"end":{"line":87,"column":null}},"type":"binary-expr","locations":[{"start":{"line":57,"column":7},"end":{"line":57,"column":null}},{"start":{"line":58,"column":8},"end":{"line":87,"column":null}}],"line":57}},"s":{"0":1,"1":2,"2":2,"3":10,"4":0,"5":0,"6":0,"7":0,"8":0,"9":0},"f":{"0":2,"1":10,"2":0,"3":0,"4":0,"5":0,"6":0,"7":0},"b":{"0":[0,2],"1":[2,0]},"meta":{"lastBranch":2,"lastFunction":8,"lastStatement":10,"seen":{"s:5:14:11:Infinity":0,"f:13:16:13:29":0,"s:14:22:14:Infinity":1,"s:15:2:89:Infinity":2,"f:24:21:24:22":1,"s:25:12:32:Infinity":3,"f:52:19:52:25":2,"s:52:25:52:Infinity":4,"f:52:33:52:34":3,"s:52:40:52:42":5,"b:54:18:54:46:54:46:54:Infinity":0,"b:57:7:57:Infinity:58:8:87:Infinity":1,"f:60:23:60:24":4,"s:61:14:68:Infinity":6,"f:64:25:64:31":5,"s:64:31:64:Infinity":7,"f:73:25:73:31":6,"s:73:31:73:Infinity":8,"f:80:25:80:31":7,"s:80:31:80:Infinity":9}}}
,"D:\\SNehra\\src\\components\\auth\\auth-shell.tsx": {"path":"D:\\SNehra\\src\\components\\auth\\auth-shell.tsx","statementMap":{"0":{"start":{"line":15,"column":2},"end":{"line":65,"column":null}},"1":{"start":{"line":54,"column":14},"end":{"line":59,"column":null}},"2":{"start":{"line":86,"column":2},"end":{"line":102,"column":null}}},"fnMap":{"0":{"name":"AuthShell","decl":{"start":{"line":4,"column":16},"end":{"line":4,"column":26}},"loc":{"start":{"line":14,"column":3},"end":{"line":67,"column":null}},"line":14},"1":{"name":"(anonymous_1)","decl":{"start":{"line":53,"column":18},"end":{"line":53,"column":19}},"loc":{"start":{"line":54,"column":14},"end":{"line":59,"column":null}},"line":54},"2":{"name":"AuthField","decl":{"start":{"line":69,"column":16},"end":{"line":69,"column":26}},"loc":{"start":{"line":85,"column":3},"end":{"line":104,"column":null}},"line":85}},"branchMap":{"0":{"loc":{"start":{"line":25,"column":11},"end":{"line":25,"column":null}},"type":"binary-expr","locations":[{"start":{"line":25,"column":11},"end":{"line":25,"column":21}},{"start":{"line":25,"column":21},"end":{"line":25,"column":null}}],"line":25},"1":{"loc":{"start":{"line":71,"column":2},"end":{"line":71,"column":null}},"type":"default-arg","locations":[{"start":{"line":71,"column":9},"end":{"line":71,"column":null}}],"line":71},"2":{"loc":{"start":{"line":101,"column":7},"end":{"line":101,"column":null}},"type":"binary-expr","locations":[{"start":{"line":101,"column":7},"end":{"line":101,"column":15}},{"start":{"line":101,"column":15},"end":{"line":101,"column":null}}],"line":101}},"s":{"0":6,"1":18,"2":6},"f":{"0":6,"1":18,"2":6},"b":{"0":[6,1],"1":[6],"2":[6,1]},"meta":{"lastBranch":3,"lastFunction":3,"lastStatement":3,"seen":{"f:4:16:4:26":0,"s:15:2:65:Infinity":0,"b:25:11:25:21:25:21:25:Infinity":0,"f:53:18:53:19":1,"s:54:14:59:Infinity":1,"f:69:16:69:26":2,"b:71:9:71:Infinity":1,"s:86:2:102:Infinity":2,"b:101:7:101:15:101:15:101:Infinity":2}}}
,"D:\\SNehra\\src\\components\\dashboard\\dashboard-layout.tsx": {"path":"D:\\SNehra\\src\\components\\dashboard\\dashboard-layout.tsx","statementMap":{"0":{"start":{"line":21,"column":12},"end":{"line":30,"column":null}},"1":{"start":{"line":33,"column":22},"end":{"line":33,"column":null}},"2":{"start":{"line":34,"column":15},"end":{"line":34,"column":null}},"3":{"start":{"line":35,"column":8},"end":{"line":35,"column":null}},"4":{"start":{"line":36,"column":8},"end":{"line":36,"column":null}},"5":{"start":{"line":36,"column":47},"end":{"line":36,"column":67}},"6":{"start":{"line":39,"column":4},"end":{"line":44,"column":null}},"7":{"start":{"line":41,"column":18},"end":{"line":41,"column":22}},"8":{"start":{"line":46,"column":23},"end":{"line":49,"column":null}},"9":{"start":{"line":47,"column":4},"end":{"line":47,"column":null}},"10":{"start":{"line":48,"column":4},"end":{"line":48,"column":null}},"11":{"start":{"line":51,"column":2},"end":{"line":181,"column":null}},"12":{"start":{"line":62,"column":27},"end":{"line":62,"column":null}},"13":{"start":{"line":63,"column":12},"end":{"line":75,"column":null}},"14":{"start":{"line":104,"column":27},"end":{"line":104,"column":null}},"15":{"start":{"line":109,"column":37},"end":{"line":109,"column":null}},"16":{"start":{"line":115,"column":31},"end":{"line":115,"column":null}},"17":{"start":{"line":116,"column":16},"end":{"line":126,"column":null}},"18":{"start":{"line":120,"column":35},"end":{"line":120,"column":null}},"19":{"start":{"line":147,"column":27},"end":{"line":147,"column":null}}},"fnMap":{"0":{"name":"DashboardLayout","decl":{"start":{"line":32,"column":16},"end":{"line":32,"column":34}},"loc":{"start":{"line":32,"column":34},"end":{"line":183,"column":null}},"line":32},"1":{"name":"(anonymous_1)","decl":{"start":{"line":36,"column":40},"end":{"line":36,"column":41}},"loc":{"start":{"line":36,"column":47},"end":{"line":36,"column":67}},"line":36},"2":{"name":"(anonymous_2)","decl":{"start":{"line":41,"column":11},"end":{"line":41,"column":12}},"loc":{"start":{"line":41,"column":18},"end":{"line":41,"column":22}},"line":41},"3":{"name":"(anonymous_3)","decl":{"start":{"line":46,"column":23},"end":{"line":46,"column":35}},"loc":{"start":{"line":46,"column":35},"end":{"line":49,"column":null}},"line":46},"4":{"name":"(anonymous_4)","decl":{"start":{"line":61,"column":19},"end":{"line":61,"column":20}},"loc":{"start":{"line":61,"column":26},"end":{"line":77,"column":11}},"line":61},"5":{"name":"(anonymous_5)","decl":{"start":{"line":104,"column":21},"end":{"line":104,"column":27}},"loc":{"start":{"line":104,"column":27},"end":{"line":104,"column":null}},"line":104},"6":{"name":"(anonymous_6)","decl":{"start":{"line":109,"column":31},"end":{"line":109,"column":37}},"loc":{"start":{"line":109,"column":37},"end":{"line":109,"column":null}},"line":109},"7":{"name":"(anonymous_7)","decl":{"start":{"line":114,"column":23},"end":{"line":114,"column":24}},"loc":{"start":{"line":114,"column":30},"end":{"line":128,"column":15}},"line":114},"8":{"name":"(anonymous_8)","decl":{"start":{"line":120,"column":29},"end":{"line":120,"column":35}},"loc":{"start":{"line":120,"column":35},"end":{"line":120,"column":null}},"line":120},"9":{"name":"(anonymous_9)","decl":{"start":{"line":147,"column":21},"end":{"line":147,"column":27}},"loc":{"start":{"line":147,"column":27},"end":{"line":147,"column":null}},"line":147}},"branchMap":{"0":{"loc":{"start":{"line":39,"column":4},"end":{"line":44,"column":null}},"type":"binary-expr","locations":[{"start":{"line":39,"column":4},"end":{"line":44,"column":24}},{"start":{"line":44,"column":24},"end":{"line":44,"column":null}}],"line":39},"1":{"loc":{"start":{"line":68,"column":18},"end":{"line":68,"column":null}},"type":"cond-expr","locations":[{"start":{"line":68,"column":27},"end":{"line":68,"column":62}},{"start":{"line":68,"column":62},"end":{"line":68,"column":null}}],"line":68},"2":{"loc":{"start":{"line":72,"column":40},"end":{"line":72,"column":107}},"type":"cond-expr","locations":[{"start":{"line":72,"column":49},"end":{"line":72,"column":63}},{"start":{"line":72,"column":63},"end":{"line":72,"column":107}}],"line":72},"3":{"loc":{"start":{"line":85,"column":70},"end":{"line":85,"column":91}},"type":"binary-expr","locations":[{"start":{"line":85,"column":70},"end":{"line":85,"column":84}},{"start":{"line":85,"column":84},"end":{"line":85,"column":91}}],"line":85},"4":{"loc":{"start":{"line":100,"column":7},"end":{"line":139,"column":null}},"type":"binary-expr","locations":[{"start":{"line":100,"column":7},"end":{"line":100,"column":null}},{"start":{"line":101,"column":8},"end":{"line":139,"column":null}}],"line":100},"5":{"loc":{"start":{"line":122,"column":22},"end":{"line":122,"column":null}},"type":"cond-expr","locations":[{"start":{"line":122,"column":31},"end":{"line":122,"column":66}},{"start":{"line":122,"column":66},"end":{"line":122,"column":null}}],"line":122}},"s":{"0":1,"1":17,"2":17,"3":17,"4":17,"5":17,"6":17,"7":0,"8":17,"9":0,"10":0,"11":17,"12":136,"13":136,"14":1,"15":0,"16":16,"17":16,"18":0,"19":2},"f":{"0":17,"1":17,"2":0,"3":0,"4":136,"5":1,"6":0,"7":16,"8":0,"9":2},"b":{"0":[17,17],"1":[17,119],"2":[17,119],"3":[17,17],"4":[17,2],"5":[2,14]},"meta":{"lastBranch":6,"lastFunction":10,"lastStatement":20,"seen":{"s:21:12:30:Infinity":0,"f:32:16:32:34":0,"s:33:22:33:Infinity":1,"s:34:15:34:Infinity":2,"s:35:8:35:Infinity":3,"s:36:8:36:Infinity":4,"f:36:40:36:41":1,"s:36:47:36:67":5,"s:39:4:44:Infinity":6,"b:39:4:44:24:44:24:44:Infinity":0,"f:41:11:41:12":2,"s:41:18:41:22":7,"s:46:23:49:Infinity":8,"f:46:23:46:35":3,"s:47:4:47:Infinity":9,"s:48:4:48:Infinity":10,"s:51:2:181:Infinity":11,"f:61:19:61:20":4,"s:62:27:62:Infinity":12,"s:63:12:75:Infinity":13,"b:68:27:68:62:68:62:68:Infinity":1,"b:72:49:72:63:72:63:72:107":2,"b:85:70:85:84:85:84:85:91":3,"b:100:7:100:Infinity:101:8:139:Infinity":4,"f:104:21:104:27":5,"s:104:27:104:Infinity":14,"f:109:31:109:37":6,"s:109:37:109:Infinity":15,"f:114:23:114:24":7,"s:115:31:115:Infinity":16,"s:116:16:126:Infinity":17,"f:120:29:120:35":8,"s:120:35:120:Infinity":18,"b:122:31:122:66:122:66:122:Infinity":5,"f:147:21:147:27":9,"s:147:27:147:Infinity":19}}}
,"D:\\SNehra\\src\\components\\sections\\hero.tsx": {"path":"D:\\SNehra\\src\\components\\sections\\hero.tsx","statementMap":{"0":{"start":{"line":5,"column":20},"end":{"line":9,"column":null}},"1":{"start":{"line":12,"column":2},"end":{"line":75,"column":null}},"2":{"start":{"line":60,"column":16},"end":{"line":63,"column":null}}},"fnMap":{"0":{"name":"Hero","decl":{"start":{"line":11,"column":16},"end":{"line":11,"column":23}},"loc":{"start":{"line":11,"column":23},"end":{"line":77,"column":null}},"line":11},"1":{"name":"(anonymous_1)","decl":{"start":{"line":59,"column":31},"end":{"line":59,"column":32}},"loc":{"start":{"line":60,"column":16},"end":{"line":63,"column":null}},"line":60}},"branchMap":{},"s":{"0":1,"1":9,"2":27},"f":{"0":9,"1":27},"b":{},"meta":{"lastBranch":0,"lastFunction":2,"lastStatement":3,"seen":{"s:5:20:9:Infinity":0,"f:11:16:11:23":0,"s:12:2:75:Infinity":1,"f:59:31:59:32":1,"s:60:16:63:Infinity":2}}}
,"D:\\SNehra\\src\\lib\\session.tsx": {"path":"D:\\SNehra\\src\\lib\\session.tsx","statementMap":{"0":{"start":{"line":16,"column":6},"end":{"line":20,"column":null}},"1":{"start":{"line":22,"column":26},"end":{"line":22,"column":null}},"2":{"start":{"line":25,"column":22},"end":{"line":25,"column":null}},"3":{"start":{"line":26,"column":28},"end":{"line":26,"column":null}},"4":{"start":{"line":28,"column":18},"end":{"line":42,"column":null}},"5":{"start":{"line":29,"column":4},"end":{"line":41,"column":null}},"6":{"start":{"line":30,"column":18},"end":{"line":30,"column":null}},"7":{"start":{"line":31,"column":6},"end":{"line":36,"column":null}},"8":{"start":{"line":32,"column":21},"end":{"line":32,"column":null}},"9":{"start":{"line":33,"column":8},"end":{"line":33,"column":null}},"10":{"start":{"line":35,"column":8},"end":{"line":35,"column":null}},"11":{"start":{"line":38,"column":6},"end":{"line":38,"column":null}},"12":{"start":{"line":40,"column":6},"end":{"line":40,"column":null}},"13":{"start":{"line":44,"column":2},"end":{"line":46,"column":null}},"14":{"start":{"line":45,"column":4},"end":{"line":45,"column":null}},"15":{"start":{"line":48,"column":2},"end":{"line":51,"column":null}}},"fnMap":{"0":{"name":"(anonymous_0)","decl":{"start":{"line":19,"column":11},"end":{"line":19,"column":17}},"loc":{"start":{"line":19,"column":17},"end":{"line":19,"column":null}},"line":19},"1":{"name":"(anonymous_1)","decl":{"start":{"line":22,"column":26},"end":{"line":22,"column":32}},"loc":{"start":{"line":22,"column":26},"end":{"line":22,"column":null}},"line":22},"2":{"name":"SessionProvider","decl":{"start":{"line":24,"column":16},"end":{"line":24,"column":32}},"loc":{"start":{"line":24,"column":71},"end":{"line":53,"column":null}},"line":24},"3":{"name":"(anonymous_3)","decl":{"start":{"line":28,"column":18},"end":{"line":28,"column":30}},"loc":{"start":{"line":28,"column":30},"end":{"line":42,"column":null}},"line":28},"4":{"name":"(anonymous_4)","decl":{"start":{"line":44,"column":12},"end":{"line":44,"column":18}},"loc":{"start":{"line":44,"column":18},"end":{"line":46,"column":5}},"line":44}},"branchMap":{"0":{"loc":{"start":{"line":31,"column":6},"end":{"line":36,"column":null}},"type":"if","locations":[{"start":{"line":31,"column":6},"end":{"line":36,"column":null}},{"start":{"line":34,"column":13},"end":{"line":36,"column":null}}],"line":31}},"s":{"0":1,"1":17,"2":0,"3":0,"4":0,"5":0,"6":0,"7":0,"8":0,"9":0,"10":0,"11":0,"12":0,"13":0,"14":0,"15":0},"f":{"0":0,"1":17,"2":0,"3":0,"4":0},"b":{"0":[0,0]},"meta":{"lastBranch":1,"lastFunction":5,"lastStatement":16,"seen":{"s:16:6:20:Infinity":0,"f:19:11:19:17":0,"s:22:26:22:Infinity":1,"f:22:26:22:32":1,"f:24:16:24:32":2,"s:25:22:25:Infinity":2,"s:26:28:26:Infinity":3,"s:28:18:42:Infinity":4,"f:28:18:28:30":3,"s:29:4:41:Infinity":5,"s:30:18:30:Infinity":6,"b:31:6:36:Infinity:34:13:36:Infinity":0,"s:31:6:36:Infinity":7,"s:32:21:32:Infinity":8,"s:33:8:33:Infinity":9,"s:35:8:35:Infinity":10,"s:38:6:38:Infinity":11,"s:40:6:40:Infinity":12,"s:44:2:46:Infinity":13,"f:44:12:44:18":4,"s:45:4:45:Infinity":14,"s:48:2:51:Infinity":15}}}
,"D:\\SNehra\\src\\lib\\utils.ts": {"path":"D:\\SNehra\\src\\lib\\utils.ts","statementMap":{"0":{"start":{"line":5,"column":2},"end":{"line":5,"column":null}}},"fnMap":{"0":{"name":"cn","decl":{"start":{"line":4,"column":16},"end":{"line":4,"column":22}},"loc":{"start":{"line":4,"column":44},"end":{"line":6,"column":null}},"line":4}},"branchMap":{},"s":{"0":10},"f":{"0":10},"b":{},"meta":{"lastBranch":0,"lastFunction":1,"lastStatement":1,"seen":{"f:4:16:4:22":0,"s:5:2:5:Infinity":0}}}
}
